<?xml version="1.0" encoding="UTF-8"?>
<!-- Generated by org.testng.reporters.JUnitReportReporter -->
<testsuite hostname="SATISH" failures="0" tests="3" name="TestNG.Simpletestng" time="0.020" errors="0" timestamp="21 Jun 2023 06:05:05 GMT">
  <testcase classname="TestNG.Simpletestng" name="Modifycontact" time="0.015"/>
  <testcase classname="TestNG.Simpletestng" name="deleteContact" time="0.002"/>
  <testcase classname="TestNG.Simpletestng" name="createContact" time="0.003"/>
</testsuite> <!-- TestNG.Simpletestng -->
